19:17:04 **** Build of configuration Default for project prefix ****
make dbg=1 all 
g++ -W -Wall -Wswitch -Wformat -Wchar-subscripts -Wparentheses -Wmultichar -Wtrigraphs -Wpointer-arith -Wcast-align -Wreturn-type -Wno-unused-function  -I/graphics/opt/opt_Ubuntu18.04/cuda/toolkit_10.1/cuda/include -g   -c -o PPM.o PPM.cpp
/graphics/opt/opt_Ubuntu18.04/cuda/toolkit_10.1/cuda/bin/nvcc  -arch sm_75 -I/graphics/opt/opt_Ubuntu18.04/cuda/toolkit_10.1/cuda/include -D_DEBUG -G -Xcompiler "-gdwarf-3" -g -o testPrefix.o -c testPrefix.cu
/graphics/opt/opt_Ubuntu18.04/cuda/toolkit_10.1/cuda/bin/nvcc  -arch sm_75 -I/graphics/opt/opt_Ubuntu18.04/cuda/toolkit_10.1/cuda/include -D_DEBUG -G -Xcompiler "-gdwarf-3" -g -o testPrefix.o.ptx -ptx testPrefix.cu
g++ -fPIC -o testPrefix PPM.o  testPrefix.o -L/graphics/opt/opt_Ubuntu18.04/cuda/toolkit_10.1/cuda/lib64 -lcudart
19:17:11 **** Incremental Build of configuration Default for project prefix ****
make dbg=1 all 
make: Nothing to be done for 'all'.
19:18:51 **** Incremental Build of configuration Default for project prefix ****
make dbg=1 all 
/graphics/opt/opt_Ubuntu18.04/cuda/toolkit_10.1/cuda/bin/nvcc  -arch sm_75 -I/graphics/opt/opt_Ubuntu18.04/cuda/toolkit_10.1/cuda/include -D_DEBUG -G -Xcompiler "-gdwarf-3" -g -o testPrefix.o -c testPrefix.cu
/graphics/opt/opt_Ubuntu18.04/cuda/toolkit_10.1/cuda/bin/nvcc  -arch sm_75 -I/graphics/opt/opt_Ubuntu18.04/cuda/toolkit_10.1/cuda/include -D_DEBUG -G -Xcompiler "-gdwarf-3" -g -o testPrefix.o.ptx -ptx testPrefix.cu
g++ -fPIC -o testPrefix PPM.o  testPrefix.o -L/graphics/opt/opt_Ubuntu18.04/cuda/toolkit_10.1/cuda/lib64 -lcudart
19:21:26 **** Incremental Build of configuration Default for project prefix ****
make dbg=1 all 
/graphics/opt/opt_Ubuntu18.04/cuda/toolkit_10.1/cuda/bin/nvcc  -arch sm_75 -I/graphics/opt/opt_Ubuntu18.04/cuda/toolkit_10.1/cuda/include -D_DEBUG -G -Xcompiler "-gdwarf-3" -g -o testPrefix.o -c testPrefix.cu
testPrefix.cu(155): error: expected a ";"

1 error detected in the compilation of "/tmp/tmpxft_00006cd8_00000000-6_testPrefix.cpp1.ii".
Makefile:87: recipe for target 'testPrefix.o' failed
make: *** [testPrefix.o] Error 1
19:21:38 **** Incremental Build of configuration Default for project prefix ****
make dbg=1 all 
/graphics/opt/opt_Ubuntu18.04/cuda/toolkit_10.1/cuda/bin/nvcc  -arch sm_75 -I/graphics/opt/opt_Ubuntu18.04/cuda/toolkit_10.1/cuda/include -D_DEBUG -G -Xcompiler "-gdwarf-3" -g -o testPrefix.o -c testPrefix.cu
/graphics/opt/opt_Ubuntu18.04/cuda/toolkit_10.1/cuda/bin/nvcc  -arch sm_75 -I/graphics/opt/opt_Ubuntu18.04/cuda/toolkit_10.1/cuda/include -D_DEBUG -G -Xcompiler "-gdwarf-3" -g -o testPrefix.o.ptx -ptx testPrefix.cu
g++ -fPIC -o testPrefix PPM.o  testPrefix.o -L/graphics/opt/opt_Ubuntu18.04/cuda/toolkit_10.1/cuda/lib64 -lcudart
